[04-Mar-2017 03:05:17 UTC] PHP Notice:  Undefined index: dbhost in /home/brad/htdocs/PHP-Login/install/install.php on line 5
[04-Mar-2017 03:05:17 UTC] PHP Notice:  Undefined index: dbuser in /home/brad/htdocs/PHP-Login/install/install.php on line 6
[04-Mar-2017 03:05:17 UTC] PHP Notice:  Undefined index: dbpw in /home/brad/htdocs/PHP-Login/install/install.php on line 7
[04-Mar-2017 03:05:17 UTC] PHP Notice:  Undefined index: dbname in /home/brad/htdocs/PHP-Login/install/install.php on line 8
[04-Mar-2017 03:05:17 UTC] PHP Notice:  Undefined index: tblprefix in /home/brad/htdocs/PHP-Login/install/install.php on line 9
[04-Mar-2017 03:05:17 UTC] PHP Notice:  Undefined index: base_dir in /home/brad/htdocs/PHP-Login/install/install.php on line 11
[04-Mar-2017 03:05:17 UTC] PHP Notice:  Undefined index: base_url in /home/brad/htdocs/PHP-Login/install/install.php on line 12
[04-Mar-2017 03:05:17 UTC] PHP Notice:  Undefined index: superadmin in /home/brad/htdocs/PHP-Login/install/install.php on line 14
[04-Mar-2017 03:05:17 UTC] PHP Notice:  Undefined index: saemail in /home/brad/htdocs/PHP-Login/install/install.php on line 15
[04-Mar-2017 03:05:17 UTC] PHP Notice:  Undefined index: sapw in /home/brad/htdocs/PHP-Login/install/install.php on line 17
[04-Mar-2017 03:05:20 UTC] PHP Warning:  chmod(): No such file or directory in /home/brad/htdocs/PHP-Login/install/installscript.php on line 355
[04-Mar-2017 18:57:20 UTC] PHP Parse error:  syntax error, unexpected ')' in /home/brad/htdocs/PHP-Login/install/instcomposer.php on line 60
[06-Mar-2017 03:37:43 UTC] PHP Notice:  Undefined index: dbhost in /home/brad/htdocs/PHP-Login/install/install.php on line 5
[06-Mar-2017 03:37:43 UTC] PHP Notice:  Undefined index: dbuser in /home/brad/htdocs/PHP-Login/install/install.php on line 6
[06-Mar-2017 03:37:43 UTC] PHP Notice:  Undefined index: dbpw in /home/brad/htdocs/PHP-Login/install/install.php on line 7
[06-Mar-2017 03:37:43 UTC] PHP Notice:  Undefined index: dbname in /home/brad/htdocs/PHP-Login/install/install.php on line 8
[06-Mar-2017 03:37:43 UTC] PHP Notice:  Undefined index: tblprefix in /home/brad/htdocs/PHP-Login/install/install.php on line 9
[06-Mar-2017 03:37:43 UTC] PHP Notice:  Undefined index: base_dir in /home/brad/htdocs/PHP-Login/install/install.php on line 11
[06-Mar-2017 03:37:43 UTC] PHP Notice:  Undefined index: base_url in /home/brad/htdocs/PHP-Login/install/install.php on line 12
[06-Mar-2017 03:37:43 UTC] PHP Notice:  Undefined index: superadmin in /home/brad/htdocs/PHP-Login/install/install.php on line 14
[06-Mar-2017 03:37:43 UTC] PHP Notice:  Undefined index: saemail in /home/brad/htdocs/PHP-Login/install/install.php on line 15
[06-Mar-2017 03:37:43 UTC] PHP Notice:  Undefined index: sapw in /home/brad/htdocs/PHP-Login/install/install.php on line 17
[06-Mar-2017 03:37:45 UTC] PHP Warning:  chmod(): No such file or directory in /home/brad/htdocs/PHP-Login/install/installscript.php on line 355
[06-Mar-2017 03:38:15 UTC] PHP Notice:  Undefined index: dbhost in /home/brad/htdocs/PHP-Login/install/install.php on line 5
[06-Mar-2017 03:38:15 UTC] PHP Notice:  Undefined index: dbuser in /home/brad/htdocs/PHP-Login/install/install.php on line 6
[06-Mar-2017 03:38:15 UTC] PHP Notice:  Undefined index: dbpw in /home/brad/htdocs/PHP-Login/install/install.php on line 7
[06-Mar-2017 03:38:15 UTC] PHP Notice:  Undefined index: dbname in /home/brad/htdocs/PHP-Login/install/install.php on line 8
[06-Mar-2017 03:38:15 UTC] PHP Notice:  Undefined index: tblprefix in /home/brad/htdocs/PHP-Login/install/install.php on line 9
[06-Mar-2017 03:38:15 UTC] PHP Notice:  Undefined index: base_dir in /home/brad/htdocs/PHP-Login/install/install.php on line 11
[06-Mar-2017 03:38:15 UTC] PHP Notice:  Undefined index: base_url in /home/brad/htdocs/PHP-Login/install/install.php on line 12
[06-Mar-2017 03:38:15 UTC] PHP Notice:  Undefined index: superadmin in /home/brad/htdocs/PHP-Login/install/install.php on line 14
[06-Mar-2017 03:38:15 UTC] PHP Notice:  Undefined index: saemail in /home/brad/htdocs/PHP-Login/install/install.php on line 15
[06-Mar-2017 03:38:15 UTC] PHP Notice:  Undefined index: sapw in /home/brad/htdocs/PHP-Login/install/install.php on line 17
